# JRE version: Java(TM) SE Runtime Environment (21.0.1+12) (build 21.0.1+12-LTS-29)
# Java VM: Java HotSpot(TM) 64-Bit Server VM (21.0.1+12-LTS-29, mixed mode, sharing, tiered, compressed oops, compressed class ptrs, g1 gc, windows-amd64)
GC Precious Log:
 CardTable entry size: 512
 Card Set container configuration: InlinePtr #cards 4 size 8 Array Of Cards #cards 32 size 80 Howl #buckets 8 coarsen threshold 7372 Howl Bitmap #cards 1024 size 144 coarsen threshold 921 Card regions per heap region 1 cards per card region 8192
 CPUs: 16 total, 16 available
 Memory: 28356M
 Large Page Support: Disabled
 NUMA Support: Disabled
 Compressed Oops: Enabled (Zero based)
 Heap Region Size: 4M
 Heap Min Capacity: 8M
 Heap Initial Capacity: 444M
 Heap Max Capacity: 7092M
 Pre-touch: Disabled
 Parallel Workers: 13
 Concurrent Workers: 3
 Concurrent Refinement Workers: 13
 Periodic GC: Disabled
Heap:
 garbage-first heap   total 176128K, used 115491K [0x0000000644c00000, 0x0000000800000000)
  region size 4096K, 10 young (40960K), 1 survivors (4096K)
 Metaspace       used 106803K, committed 107840K, reserved 1179648K
  class space    used 13160K, committed 13632K, reserved 1048576K
GC Heap History (20 events):
Event: 1143.290 GC heap before
{Heap before GC invocations=81 (full 2):
 garbage-first heap   total 176128K, used 151375K [0x0000000644c00000, 0x0000000800000000)
  region size 4096K, 18 young (73728K), 2 survivors (8192K)
 Metaspace       used 106670K, committed 107712K, reserved 1179648K
  class space    used 13144K, committed 13632K, reserved 1048576K
}
Event: 1143.292 GC heap after
{Heap after GC invocations=82 (full 2):
 garbage-first heap   total 176128K, used 85836K [0x0000000644c00000, 0x0000000800000000)
  region size 4096K, 2 young (8192K), 2 survivors (8192K)
 Metaspace       used 106670K, committed 107712K, reserved 1179648K
  class space    used 13144K, committed 13632K, reserved 1048576K
}
Event: 1243.451 GC heap before
{Heap before GC invocations=82 (full 2):
 garbage-first heap   total 176128K, used 151372K [0x0000000644c00000, 0x0000000800000000)
  region size 4096K, 18 young (73728K), 2 survivors (8192K)
 Metaspace       used 106670K, committed 107712K, reserved 1179648K
  class space    used 13144K, committed 13632K, reserved 1048576K
}
Event: 1243.455 GC heap after
{Heap after GC invocations=83 (full 2):
 garbage-first heap   total 176128K, used 84376K [0x0000000644c00000, 0x0000000800000000)
  region size 4096K, 2 young (8192K), 2 survivors (8192K)
 Metaspace       used 106670K, committed 107712K, reserved 1179648K
  class space    used 13144K, committed 13632K, reserved 1048576K
}
Event: 1344.175 GC heap before
{Heap before GC invocations=83 (full 2):
 garbage-first heap   total 176128K, used 149912K [0x0000000644c00000, 0x0000000800000000)
  region size 4096K, 18 young (73728K), 2 survivors (8192K)
 Metaspace       used 106671K, committed 107712K, reserved 1179648K
  class space    used 13144K, committed 13632K, reserved 1048576K
}
Event: 1344.178 GC heap after
{Heap after GC invocations=84 (full 2):
 garbage-first heap   total 176128K, used 84188K [0x0000000644c00000, 0x0000000800000000)
  region size 4096K, 2 young (8192K), 2 survivors (8192K)
 Metaspace       used 106671K, committed 107712K, reserved 1179648K
  class space    used 13144K, committed 13632K, reserved 1048576K
}
Event: 1444.855 GC heap before
{Heap before GC invocations=85 (full 2):
 garbage-first heap   total 176128K, used 149724K [0x0000000644c00000, 0x0000000800000000)
  region size 4096K, 18 young (73728K), 2 survivors (8192K)
 Metaspace       used 106671K, committed 107712K, reserved 1179648K
  class space    used 13144K, committed 13632K, reserved 1048576K
}
Event: 1444.858 GC heap after
{Heap after GC invocations=86 (full 2):
 garbage-first heap   total 176128K, used 84275K [0x0000000644c00000, 0x0000000800000000)
  region size 4096K, 2 young (8192K), 2 survivors (8192K)
 Metaspace       used 106671K, committed 107712K, reserved 1179648K
  class space    used 13144K, committed 13632K, reserved 1048576K
}
Event: 1544.981 GC heap before
{Heap before GC invocations=86 (full 2):
 garbage-first heap   total 176128K, used 149811K [0x0000000644c00000, 0x0000000800000000)
  region size 4096K, 18 young (73728K), 2 survivors (8192K)
 Metaspace       used 106671K, committed 107712K, reserved 1179648K
  class space    used 13144K, committed 13632K, reserved 1048576K
}
Event: 1544.986 GC heap after
{Heap after GC invocations=87 (full 2):
 garbage-first heap   total 176128K, used 83259K [0x0000000644c00000, 0x0000000800000000)
  region size 4096K, 2 young (8192K), 2 survivors (8192K)
 Metaspace       used 106671K, committed 107712K, reserved 1179648K
  class space    used 13144K, committed 13632K, reserved 1048576K
}
Event: 1651.960 GC heap before
{Heap before GC invocations=87 (full 2):
 garbage-first heap   total 176128K, used 152891K [0x0000000644c00000, 0x0000000800000000)
  region size 4096K, 19 young (77824K), 2 survivors (8192K)
 Metaspace       used 106671K, committed 107712K, reserved 1179648K
  class space    used 13144K, committed 13632K, reserved 1048576K
}
Event: 1651.963 GC heap after
{Heap after GC invocations=88 (full 2):
 garbage-first heap   total 176128K, used 83177K [0x0000000644c00000, 0x0000000800000000)
  region size 4096K, 2 young (8192K), 2 survivors (8192K)
 Metaspace       used 106671K, committed 107712K, reserved 1179648K
  class space    used 13144K, committed 13632K, reserved 1048576K
}
Event: 1758.608 GC heap before
{Heap before GC invocations=89 (full 2):
 garbage-first heap   total 176128K, used 152809K [0x0000000644c00000, 0x0000000800000000)
  region size 4096K, 19 young (77824K), 2 survivors (8192K)
 Metaspace       used 106671K, committed 107712K, reserved 1179648K
  class space    used 13144K, committed 13632K, reserved 1048576K
}
Event: 1758.610 GC heap after
{Heap after GC invocations=90 (full 2):
 garbage-first heap   total 176128K, used 83045K [0x0000000644c00000, 0x0000000800000000)
  region size 4096K, 2 young (8192K), 2 survivors (8192K)
 Metaspace       used 106671K, committed 107712K, reserved 1179648K
  class space    used 13144K, committed 13632K, reserved 1048576K
}
Event: 1864.278 GC heap before
{Heap before GC invocations=90 (full 2):
 garbage-first heap   total 176128K, used 152677K [0x0000000644c00000, 0x0000000800000000)
  region size 4096K, 19 young (77824K), 2 survivors (8192K)
 Metaspace       used 106671K, committed 107712K, reserved 1179648K
  class space    used 13144K, committed 13632K, reserved 1048576K
}
Event: 1864.281 GC heap after
{Heap after GC invocations=91 (full 2):
 garbage-first heap   total 176128K, used 82523K [0x0000000644c00000, 0x0000000800000000)
  region size 4096K, 2 young (8192K), 2 survivors (8192K)
 Metaspace       used 106671K, committed 107712K, reserved 1179648K
  class space    used 13144K, committed 13632K, reserved 1048576K
}
Event: 1969.981 GC heap before
{Heap before GC invocations=91 (full 2):
 garbage-first heap   total 176128K, used 152155K [0x0000000644c00000, 0x0000000800000000)
  region size 4096K, 19 young (77824K), 2 survivors (8192K)
 Metaspace       used 106671K, committed 107712K, reserved 1179648K
  class space    used 13144K, committed 13632K, reserved 1048576K
}
Event: 1969.985 GC heap after
{Heap after GC invocations=92 (full 2):
 garbage-first heap   total 176128K, used 82530K [0x0000000644c00000, 0x0000000800000000)
  region size 4096K, 2 young (8192K), 2 survivors (8192K)
 Metaspace       used 106671K, committed 107712K, reserved 1179648K
  class space    used 13144K, committed 13632K, reserved 1048576K
}
Event: 2075.161 GC heap before
{Heap before GC invocations=93 (full 2):
 garbage-first heap   total 176128K, used 152162K [0x0000000644c00000, 0x0000000800000000)
  region size 4096K, 19 young (77824K), 2 survivors (8192K)
 Metaspace       used 106671K, committed 107712K, reserved 1179648K
  class space    used 13144K, committed 13632K, reserved 1048576K
}
Event: 2075.164 GC heap after
{Heap after GC invocations=94 (full 2):
 garbage-first heap   total 176128K, used 82723K [0x0000000644c00000, 0x0000000800000000)
  region size 4096K, 1 young (4096K), 1 survivors (4096K)
 Metaspace       used 106671K, committed 107712K, reserved 1179648K
  class space    used 13144K, committed 13632K, reserved 1048576K
}

